
> church-tracker-dashboard@1.0.0 build
> vite build

[36mvite v6.4.1 [32mbuilding SSR bundle for production...[36m[39m
transforming...
12:23:21 AM [vite-plugin-svelte] src/routes/people/PeopleDashboard.svelte:347:12 Buttons and links should either contain text or have an `aria-label`, `aria-labelledby` or `title` attribute
https://svelte.dev/e/a11y_consider_explicit_label
345:                 </div>
346:             </div>
347:             <button
                         ^
348:                 class="text-muted-foreground hover:text-foreground p-1"
349:                 onclick={() => (isRoutePanelOpen = false)}
12:23:21 AM [vite-plugin-svelte] src/routes/people/PeopleDashboard.svelte:403:28 Buttons and links should either contain text or have an `aria-label`, `aria-labelledby` or `title` attribute
https://svelte.dev/e/a11y_consider_explicit_label
401:                         </div>
402:                         {#if !visitationMode}
403:                             <button
                                         ^
404:                                 class="text-muted-foreground hover:text-destructive p-1"
405:                                 onclick={() => togglePersonSelection(person)}
12:23:21 AM [vite-plugin-svelte] src/lib/components/forms/ServiceForm.svelte:641:40 Visible, non-interactive elements with a click event must be accompanied by a keyboard event handler. Consider whether an interactive element such as `<button type="button">` or `<a>` might be more appropriate
https://svelte.dev/e/a11y_click_events_have_key_events
639: 
640:                                     {#if selectedPersonIds.has(person.id)}
641:                                         <div
                                                  ^
642:                                             class="mt-2 pl-8 flex flex-wrap gap-2"
643:                                             onclick={(e) => e.stopPropagation()}
12:23:21 AM [vite-plugin-svelte] src/lib/components/forms/ServiceForm.svelte:641:40 `<div>` with a click handler must have an ARIA role
https://svelte.dev/e/a11y_no_static_element_interactions
639: 
640:                                     {#if selectedPersonIds.has(person.id)}
641:                                         <div
                                                  ^
642:                                             class="mt-2 pl-8 flex flex-wrap gap-2"
643:                                             onclick={(e) => e.stopPropagation()}
12:23:24 AM [vite-plugin-svelte] src/lib/components/map/LeafletMap.svelte:356:12 Buttons and links should either contain text or have an `aria-label`, `aria-labelledby` or `title` attribute
https://svelte.dev/e/a11y_consider_explicit_label
354:             class="flex flex-col rounded-lg shadow-lg overflow-hidden border border-border/50"
355:         >
356:             <button
                         ^
357:                 onclick={zoomIn}
358:                 class="w-10 h-10 bg-background/95 backdrop-blur flex items-center justify-center text-foreground hover:bg-accent transition-colors border-b border-border/50"
12:23:24 AM [vite-plugin-svelte] src/lib/components/map/LeafletMap.svelte:373:12 Buttons and links should either contain text or have an `aria-label`, `aria-labelledby` or `title` attribute
https://svelte.dev/e/a11y_consider_explicit_label
371:                 >
372:             </button>
373:             <button
                         ^
374:                 onclick={zoomOut}
375:                 class="w-10 h-10 bg-background/95 backdrop-blur flex items-center justify-center text-foreground hover:bg-accent transition-colors"
[32m✓[39m 280 modules transformed.
rendering chunks...
[33m[plugin vite:reporter] 
(!) C:/Users/Administrator/Downloads/church-tracker-folder/my-church-tracker/src/lib/services/peopleService.js is dynamically imported by C:/Users/Administrator/Downloads/church-tracker-folder/my-church-tracker/src/lib/components/forms/EvangelismContactForm.svelte, C:/Users/Administrator/Downloads/church-tracker-folder/my-church-tracker/src/lib/components/forms/ServiceForm.svelte, C:/Users/Administrator/Downloads/church-tracker-folder/my-church-tracker/src/routes/evangelism/+page.svelte, C:/Users/Administrator/Downloads/church-tracker-folder/my-church-tracker/src/routes/people/+page.svelte, C:/Users/Administrator/Downloads/church-tracker-folder/my-church-tracker/src/routes/reports/+page.svelte but also statically imported by C:/Users/Administrator/Downloads/church-tracker-folder/my-church-tracker/src/lib/components/forms/PersonForm.svelte, C:/Users/Administrator/Downloads/church-tracker-folder/my-church-tracker/src/lib/components/forms/ServiceForm.svelte, C:/Users/Administrator/Downloads/church-tracker-folder/my-church-tracker/src/routes/people/[id]/+page.svelte, dynamic import will not move module into another chunk.
[39m
[36mvite v6.4.1 [32mbuilding for production...[36m[39m
transforming...
12:23:29 AM [vite-plugin-svelte] src/routes/people/PeopleDashboard.svelte:347:12 Buttons and links should either contain text or have an `aria-label`, `aria-labelledby` or `title` attribute
https://svelte.dev/e/a11y_consider_explicit_label
345:                 </div>
346:             </div>
347:             <button
                         ^
348:                 class="text-muted-foreground hover:text-foreground p-1"
349:                 onclick={() => (isRoutePanelOpen = false)}
12:23:29 AM [vite-plugin-svelte] src/routes/people/PeopleDashboard.svelte:403:28 Buttons and links should either contain text or have an `aria-label`, `aria-labelledby` or `title` attribute
https://svelte.dev/e/a11y_consider_explicit_label
401:                         </div>
402:                         {#if !visitationMode}
403:                             <button
                                         ^
404:                                 class="text-muted-foreground hover:text-destructive p-1"
405:                                 onclick={() => togglePersonSelection(person)}
12:23:29 AM [vite-plugin-svelte] src/lib/components/forms/ServiceForm.svelte:641:40 Visible, non-interactive elements with a click event must be accompanied by a keyboard event handler. Consider whether an interactive element such as `<button type="button">` or `<a>` might be more appropriate
https://svelte.dev/e/a11y_click_events_have_key_events
639: 
640:                                     {#if selectedPersonIds.has(person.id)}
641:                                         <div
                                                  ^
642:                                             class="mt-2 pl-8 flex flex-wrap gap-2"
643:                                             onclick={(e) => e.stopPropagation()}
12:23:29 AM [vite-plugin-svelte] src/lib/components/forms/ServiceForm.svelte:641:40 `<div>` with a click handler must have an ARIA role
https://svelte.dev/e/a11y_no_static_element_interactions
639: 
640:                                     {#if selectedPersonIds.has(person.id)}
641:                                         <div
                                                  ^
642:                                             class="mt-2 pl-8 flex flex-wrap gap-2"
643:                                             onclick={(e) => e.stopPropagation()}
12:23:30 AM [vite-plugin-svelte] src/lib/components/map/LeafletMap.svelte:356:12 Buttons and links should either contain text or have an `aria-label`, `aria-labelledby` or `title` attribute
https://svelte.dev/e/a11y_consider_explicit_label
354:             class="flex flex-col rounded-lg shadow-lg overflow-hidden border border-border/50"
355:         >
356:             <button
                         ^
357:                 onclick={zoomIn}
358:                 class="w-10 h-10 bg-background/95 backdrop-blur flex items-center justify-center text-foreground hover:bg-accent transition-colors border-b border-border/50"
12:23:30 AM [vite-plugin-svelte] src/lib/components/map/LeafletMap.svelte:373:12 Buttons and links should either contain text or have an `aria-label`, `aria-labelledby` or `title` attribute
https://svelte.dev/e/a11y_consider_explicit_label
371:                 >
372:             </button>
373:             <button
                         ^
374:                 onclick={zoomOut}
375:                 class="w-10 h-10 bg-background/95 backdrop-blur flex items-center justify-center text-foreground hover:bg-accent transition-colors"
[32m✓[39m 310 modules transformed.
rendering chunks...
computing gzip size...
[2m.svelte-kit/output/client/[22m[32m_app/version.json                                                   [39m[1m[2m  0.03 kB[22m[1m[22m[2m │ gzip:  0.05 kB[22m
[2m.svelte-kit/output/client/[22m[32m_app/immutable/assets/inter-vietnamese-400-normal.DMkecbls.woff2    [39m[1m[2m  4.97 kB[22m[1m[22m
[2m.svelte-kit/output/client/[22m[32m_app/immutable/assets/inter-greek-ext-400-normal.DGGRlc-M.woff2     [39m[1m[2m  5.26 kB[22m[1m[22m
[2m.svelte-kit/output/client/[22m[32m_app/immutable/assets/inter-vietnamese-400-normal.Bbgyi5SW.woff     [39m[1m[2m  6.50 kB[22m[1m[22m
[2m.svelte-kit/output/client/[22m[32m_app/immutable/assets/inter-greek-ext-400-normal.KugGGMne.woff      [39m[1m[2m  7.06 kB[22m[1m[22m
[2m.svelte-kit/output/client/[22m[32m_app/immutable/assets/inter-cyrillic-400-normal.obahsSVq.woff2      [39m[1m[2m  7.71 kB[22m[1m[22m
[2m.svelte-kit/output/client/[22m[32m_app/immutable/assets/inter-greek-400-normal.B4URO6DV.woff2         [39m[1m[2m  7.78 kB[22m[1m[22m
[2m.svelte-kit/output/client/[22m[32m_app/immutable/assets/inter-cyrillic-400-normal.HOLc17fK.woff       [39m[1m[2m  9.78 kB[22m[1m[22m
[2m.svelte-kit/output/client/[22m[32m_app/immutable/assets/inter-greek-400-normal.q2sYcFCs.woff          [39m[1m[2m  9.92 kB[22m[1m[22m
[2m.svelte-kit/output/client/[22m[32m_app/immutable/assets/inter-cyrillic-ext-400-normal.BQZuk6qB.woff2  [39m[1m[2m 10.23 kB[22m[1m[22m
[2m.svelte-kit/output/client/[22m[32m_app/immutable/assets/inter-cyrillic-ext-400-normal.DQukG94-.woff   [39m[1m[2m 13.34 kB[22m[1m[22m
[2m.svelte-kit/output/client/[22m[32m.vite/manifest.json                                                 [39m[1m[2m 19.16 kB[22m[1m[22m[2m │ gzip:  2.14 kB[22m
[2m.svelte-kit/output/client/[22m[32m_app/immutable/assets/inter-latin-400-normal.C38fXH4l.woff2         [39m[1m[2m 23.66 kB[22m[1m[22m
[2m.svelte-kit/output/client/[22m[32m_app/immutable/assets/inter-latin-400-normal.CyCys3Eg.woff          [39m[1m[2m 30.70 kB[22m[1m[22m
[2m.svelte-kit/output/client/[22m[32m_app/immutable/assets/inter-latin-ext-400-normal.C1nco2VV.woff2     [39m[1m[2m 35.00 kB[22m[1m[22m
[2m.svelte-kit/output/client/[22m[32m_app/immutable/assets/inter-latin-ext-400-normal.77YHD8bZ.woff      [39m[1m[2m 47.56 kB[22m[1m[22m
[2m.svelte-kit/output/client/[22m[35m_app/immutable/assets/5.BrxTh2Zz.css                                [39m[1m[2m  0.17 kB[22m[1m[22m[2m │ gzip:  0.12 kB[22m
[2m.svelte-kit/output/client/[22m[35m_app/immutable/assets/mockPeopleWithLocation.DdAucLHq.css           [39m[1m[2m  0.48 kB[22m[1m[22m[2m │ gzip:  0.26 kB[22m
[2m.svelte-kit/output/client/[22m[35m_app/immutable/assets/KPICard.DEtdYflG.css                          [39m[1m[2m  0.88 kB[22m[1m[22m[2m │ gzip:  0.41 kB[22m
[2m.svelte-kit/output/client/[22m[35m_app/immutable/assets/2.CVJey_Oo.css                                [39m[1m[2m  3.75 kB[22m[1m[22m[2m │ gzip:  1.12 kB[22m
[2m.svelte-kit/output/client/[22m[35m_app/immutable/assets/FullscreenWrapper.Ccwxw-vS.css                [39m[1m[2m  8.29 kB[22m[1m[22m[2m │ gzip:  1.71 kB[22m
[2m.svelte-kit/output/client/[22m[35m_app/immutable/assets/0.Bw1iJ_ud.css                                [39m[1m[2m 53.06 kB[22m[1m[22m[2m │ gzip:  9.55 kB[22m
[2m.svelte-kit/output/client/[22m[36m_app/immutable/entry/start.BYQpdkoK.js                              [39m[1m[2m  0.08 kB[22m[1m[22m[2m │ gzip:  0.09 kB[22m
[2m.svelte-kit/output/client/[22m[36m_app/immutable/chunks/B4PJ3Sxm.js                                   [39m[1m[2m  0.19 kB[22m[1m[22m[2m │ gzip:  0.17 kB[22m
[2m.svelte-kit/output/client/[22m[36m_app/immutable/chunks/CwPTLB79.js                                   [39m[1m[2m  0.36 kB[22m[1m[22m[2m │ gzip:  0.27 kB[22m
[2m.svelte-kit/output/client/[22m[36m_app/immutable/chunks/DbzAoCb-.js                                   [39m[1m[2m  0.47 kB[22m[1m[22m[2m │ gzip:  0.23 kB[22m
[2m.svelte-kit/output/client/[22m[36m_app/immutable/nodes/0.DRvT4MHt.js                                  [39m[1m[2m  0.91 kB[22m[1m[22m[2m │ gzip:  0.54 kB[22m
[2m.svelte-kit/output/client/[22m[36m_app/immutable/nodes/1.CIC8T6uO.js                                  [39m[1m[2m  1.03 kB[22m[1m[22m[2m │ gzip:  0.60 kB[22m
[2m.svelte-kit/output/client/[22m[36m_app/immutable/chunks/CMtZT6Ur.js                                   [39m[1m[2m  1.28 kB[22m[1m[22m[2m │ gzip:  0.44 kB[22m
[2m.svelte-kit/output/client/[22m[36m_app/immutable/chunks/BSS3Ytks.js                                   [39m[1m[2m  1.46 kB[22m[1m[22m[2m │ gzip:  0.85 kB[22m
[2m.svelte-kit/output/client/[22m[36m_app/immutable/chunks/ByIyifhq.js                                   [39m[1m[2m  1.47 kB[22m[1m[22m[2m │ gzip:  0.76 kB[22m
[2m.svelte-kit/output/client/[22m[36m_app/immutable/chunks/DU7r9QK7.js                                   [39m[1m[2m  1.66 kB[22m[1m[22m[2m │ gzip:  0.55 kB[22m
[2m.svelte-kit/output/client/[22m[36m_app/immutable/chunks/DLdZIvti.js                                   [39m[1m[2m  1.67 kB[22m[1m[22m[2m │ gzip:  0.48 kB[22m
[2m.svelte-kit/output/client/[22m[36m_app/immutable/chunks/USdkqEiM.js                                   [39m[1m[2m  1.84 kB[22m[1m[22m[2m │ gzip:  0.50 kB[22m
[2m.svelte-kit/output/client/[22m[36m_app/immutable/chunks/Cn7nVYUl.js                                   [39m[1m[2m  1.86 kB[22m[1m[22m[2m │ gzip:  0.50 kB[22m
[2m.svelte-kit/output/client/[22m[36m_app/immutable/chunks/CwQYHn56.js                                   [39m[1m[2m  2.23 kB[22m[1m[22m[2m │ gzip:  0.56 kB[22m
[2m.svelte-kit/output/client/[22m[36m_app/immutable/chunks/oUNEaX7B.js                                   [39m[1m[2m  2.46 kB[22m[1m[22m[2m │ gzip:  1.12 kB[22m
[2m.svelte-kit/output/client/[22m[36m_app/immutable/chunks/D5yVux11.js                                   [39m[1m[2m  3.16 kB[22m[1m[22m[2m │ gzip:  1.45 kB[22m
[2m.svelte-kit/output/client/[22m[36m_app/immutable/chunks/DpLpeo0g.js                                   [39m[1m[2m  4.86 kB[22m[1m[22m[2m │ gzip:  1.60 kB[22m
[2m.svelte-kit/output/client/[22m[36m_app/immutable/chunks/BQweM8js.js                                   [39m[1m[2m  5.02 kB[22m[1m[22m[2m │ gzip:  2.05 kB[22m
[2m.svelte-kit/output/client/[22m[36m_app/immutable/entry/app.B47Km8Vr.js                                [39m[1m[2m  6.69 kB[22m[1m[22m[2m │ gzip:  2.75 kB[22m
[2m.svelte-kit/output/client/[22m[36m_app/immutable/chunks/DO2eJ7Xm.js                                   [39m[1m[2m  6.70 kB[22m[1m[22m[2m │ gzip:  2.30 kB[22m
[2m.svelte-kit/output/client/[22m[36m_app/immutable/nodes/6.DPxHLYDy.js                                  [39m[1m[2m  6.73 kB[22m[1m[22m[2m │ gzip:  2.94 kB[22m
[2m.svelte-kit/output/client/[22m[36m_app/immutable/chunks/B6SXULEt.js                                   [39m[1m[2m  7.53 kB[22m[1m[22m[2m │ gzip:  2.31 kB[22m
[2m.svelte-kit/output/client/[22m[36m_app/immutable/chunks/BSi-tPyz.js                                   [39m[1m[2m  8.32 kB[22m[1m[22m[2m │ gzip:  3.52 kB[22m
[2m.svelte-kit/output/client/[22m[36m_app/immutable/chunks/DRp16evn.js                                   [39m[1m[2m  8.90 kB[22m[1m[22m[2m │ gzip:  3.43 kB[22m
[2m.svelte-kit/output/client/[22m[36m_app/immutable/chunks/DiB6KLVj.js                                   [39m[1m[2m  9.31 kB[22m[1m[22m[2m │ gzip:  2.98 kB[22m
[2m.svelte-kit/output/client/[22m[36m_app/immutable/chunks/BX-mvbsS.js                                   [39m[1m[2m  9.32 kB[22m[1m[22m[2m │ gzip:  3.35 kB[22m
[2m.svelte-kit/output/client/[22m[36m_app/immutable/chunks/BR1U8ZTN.js                                   [39m[1m[2m 15.76 kB[22m[1m[22m[2m │ gzip:  6.92 kB[22m
[2m.svelte-kit/output/client/[22m[36m_app/immutable/nodes/2.DAvwZCmW.js                                  [39m[1m[2m 17.19 kB[22m[1m[22m[2m │ gzip:  6.46 kB[22m
[2m.svelte-kit/output/client/[22m[36m_app/immutable/nodes/8.CvKkXtQb.js                                  [39m[1m[2m 21.25 kB[22m[1m[22m[2m │ gzip:  5.03 kB[22m
[2m.svelte-kit/output/client/[22m[36m_app/immutable/chunks/CGIiLmp_.js                                   [39m[1m[2m 25.38 kB[22m[1m[22m[2m │ gzip:  8.47 kB[22m
[2m.svelte-kit/output/client/[22m[36m_app/immutable/chunks/C3alhd6K.js                                   [39m[1m[2m 26.07 kB[22m[1m[22m[2m │ gzip: 10.18 kB[22m
[2m.svelte-kit/output/client/[22m[36m_app/immutable/nodes/10.wLsFSveR.js                                 [39m[1m[2m 27.46 kB[22m[1m[22m[2m │ gzip:  8.76 kB[22m
[2m.svelte-kit/output/client/[22m[36m_app/immutable/chunks/8sCdEGg-.js                                   [39m[1m[2m 29.70 kB[22m[1m[22m[2m │ gzip: 11.49 kB[22m
[2m.svelte-kit/output/client/[22m[36m_app/immutable/nodes/4.Bkv7hxcn.js                                  [39m[1m[2m 29.79 kB[22m[1m[22m[2m │ gzip:  9.61 kB[22m
[2m.svelte-kit/output/client/[22m[36m_app/immutable/nodes/7.BuZYTRCi.js                                  [39m[1m[2m 34.99 kB[22m[1m[22m[2m │ gzip:  9.77 kB[22m
[2m.svelte-kit/output/client/[22m[36m_app/immutable/nodes/5.DlKUsk0F.js                                  [39m[1m[2m 38.86 kB[22m[1m[22m[2m │ gzip: 12.50 kB[22m
[2m.svelte-kit/output/client/[22m[36m_app/immutable/chunks/C7ME7wSB.js                                   [39m[1m[2m 46.28 kB[22m[1m[22m[2m │ gzip: 12.44 kB[22m
[2m.svelte-kit/output/client/[22m[36m_app/immutable/nodes/3.B_ajam-5.js                                  [39m[1m[2m 68.53 kB[22m[1m[22m[2m │ gzip: 18.79 kB[22m
[2m.svelte-kit/output/client/[22m[36m_app/immutable/nodes/9.qjnoMXra.js                                  [39m[1m[2m 69.28 kB[22m[1m[22m[2m │ gzip: 19.38 kB[22m
[2m.svelte-kit/output/client/[22m[36m_app/immutable/chunks/C-T2X1Oh.js                                   [39m[1m[2m149.82 kB[22m[1m[22m[2m │ gzip: 43.49 kB[22m
[32m✓ built in 6.54s[39m
[2m.svelte-kit/output/server/[22m[32m_app/immutable/assets/inter-vietnamese-400-normal.DMkecbls.woff2    [39m[1m[2m  4.97 kB[22m[1m[22m
[2m.svelte-kit/output/server/[22m[32m_app/immutable/assets/inter-greek-ext-400-normal.DGGRlc-M.woff2     [39m[1m[2m  5.26 kB[22m[1m[22m
[2m.svelte-kit/output/server/[22m[32m_app/immutable/assets/inter-vietnamese-400-normal.Bbgyi5SW.woff     [39m[1m[2m  6.50 kB[22m[1m[22m
[2m.svelte-kit/output/server/[22m[32m_app/immutable/assets/inter-greek-ext-400-normal.KugGGMne.woff      [39m[1m[2m  7.06 kB[22m[1m[22m
[2m.svelte-kit/output/server/[22m[32m_app/immutable/assets/inter-cyrillic-400-normal.obahsSVq.woff2      [39m[1m[2m  7.71 kB[22m[1m[22m
[2m.svelte-kit/output/server/[22m[32m_app/immutable/assets/inter-greek-400-normal.B4URO6DV.woff2         [39m[1m[2m  7.78 kB[22m[1m[22m
[2m.svelte-kit/output/server/[22m[32m_app/immutable/assets/inter-cyrillic-400-normal.HOLc17fK.woff       [39m[1m[2m  9.78 kB[22m[1m[22m
[2m.svelte-kit/output/server/[22m[32m_app/immutable/assets/inter-greek-400-normal.q2sYcFCs.woff          [39m[1m[2m  9.92 kB[22m[1m[22m
[2m.svelte-kit/output/server/[22m[32m_app/immutable/assets/inter-cyrillic-ext-400-normal.BQZuk6qB.woff2  [39m[1m[2m 10.23 kB[22m[1m[22m
[2m.svelte-kit/output/server/[22m[32m_app/immutable/assets/inter-cyrillic-ext-400-normal.DQukG94-.woff   [39m[1m[2m 13.34 kB[22m[1m[22m
[2m.svelte-kit/output/server/[22m[32m.vite/manifest.json                                                 [39m[1m[2m 16.45 kB[22m[1m[22m
[2m.svelte-kit/output/server/[22m[32m_app/immutable/assets/inter-latin-400-normal.C38fXH4l.woff2         [39m[1m[2m 23.66 kB[22m[1m[22m
[2m.svelte-kit/output/server/[22m[32m_app/immutable/assets/inter-latin-400-normal.CyCys3Eg.woff          [39m[1m[2m 30.70 kB[22m[1m[22m
[2m.svelte-kit/output/server/[22m[32m_app/immutable/assets/inter-latin-ext-400-normal.C1nco2VV.woff2     [39m[1m[2m 35.00 kB[22m[1m[22m
[2m.svelte-kit/output/server/[22m[32m_app/immutable/assets/inter-latin-ext-400-normal.77YHD8bZ.woff      [39m[1m[2m 47.56 kB[22m[1m[22m
[2m.svelte-kit/output/server/[22m[35m_app/immutable/assets/_page.BrxTh2Zz.css                            [39m[1m[2m  0.17 kB[22m[1m[22m
[2m.svelte-kit/output/server/[22m[35m_app/immutable/assets/LeafletMap.DdAucLHq.css                       [39m[1m[2m  0.48 kB[22m[1m[22m
[2m.svelte-kit/output/server/[22m[35m_app/immutable/assets/KPICard.DEtdYflG.css                          [39m[1m[2m  0.88 kB[22m[1m[22m
[2m.svelte-kit/output/server/[22m[35m_app/immutable/assets/_page.CwHg-FsR.css                            [39m[1m[2m  3.73 kB[22m[1m[22m
[2m.svelte-kit/output/server/[22m[35m_app/immutable/assets/FullscreenWrapper.Bihrj8Mx.css                [39m[1m[2m  7.51 kB[22m[1m[22m
[2m.svelte-kit/output/server/[22m[35m_app/immutable/assets/_layout.Cj7yrL1F.css                          [39m[1m[2m 52.21 kB[22m[1m[22m
[2m.svelte-kit/output/server/[22m[36mchunks/false.js                                                     [39m[1m[2m  0.04 kB[22m[1m[22m
[2m.svelte-kit/output/server/[22m[36mchunks/navigation.js                                                [39m[1m[2m  0.08 kB[22m[1m[22m
[2m.svelte-kit/output/server/[22m[36mentries/pages/people/_id_/_page.js                                  [39m[1m[2m  0.09 kB[22m[1m[22m
[2m.svelte-kit/output/server/[22m[36mchunks/index-server.js                                              [39m[1m[2m  0.11 kB[22m[1m[22m
[2m.svelte-kit/output/server/[22m[36mchunks/api.js                                                       [39m[1m[2m  0.12 kB[22m[1m[22m
[2m.svelte-kit/output/server/[22m[36mchunks/index-server2.js                                             [39m[1m[2m  0.18 kB[22m[1m[22m
[2m.svelte-kit/output/server/[22m[36minternal.js                                                         [39m[1m[2m  0.33 kB[22m[1m[22m
[2m.svelte-kit/output/server/[22m[36mchunks/state.svelte.js                                              [39m[1m[2m  0.39 kB[22m[1m[22m
[2m.svelte-kit/output/server/[22m[36mchunks/environment.js                                               [39m[1m[2m  0.62 kB[22m[1m[22m
[2m.svelte-kit/output/server/[22m[36mentries/fallbacks/error.svelte.js                                   [39m[1m[2m  0.66 kB[22m[1m[22m
[2m.svelte-kit/output/server/[22m[36mchunks/client.js                                                    [39m[1m[2m  0.78 kB[22m[1m[22m
[2m.svelte-kit/output/server/[22m[36mentries/pages/_layout.svelte.js                                     [39m[1m[2m  0.80 kB[22m[1m[22m
[2m.svelte-kit/output/server/[22m[36mchunks/utils.js                                                     [39m[1m[2m  1.15 kB[22m[1m[22m
[2m.svelte-kit/output/server/[22m[36mentries/pages/people/_id_/_page.svelte.js                           [39m[1m[2m  1.44 kB[22m[1m[22m
[2m.svelte-kit/output/server/[22m[36mchunks/servicesService.js                                           [39m[1m[2m  2.07 kB[22m[1m[22m
[2m.svelte-kit/output/server/[22m[36mchunks/visitationsService.js                                        [39m[1m[2m  2.71 kB[22m[1m[22m
[2m.svelte-kit/output/server/[22m[36mchunks/index.js                                                     [39m[1m[2m  2.77 kB[22m[1m[22m
[2m.svelte-kit/output/server/[22m[36mchunks/KPICard.js                                                   [39m[1m[2m  2.98 kB[22m[1m[22m
[2m.svelte-kit/output/server/[22m[36mchunks/meetingsService.js                                           [39m[1m[2m  3.01 kB[22m[1m[22m
[2m.svelte-kit/output/server/[22m[36mchunks/attendanceService.js                                         [39m[1m[2m  3.03 kB[22m[1m[22m
[2m.svelte-kit/output/server/[22m[36mchunks/FullscreenWrapper.svelte_svelte_type_style_lang.js           [39m[1m[2m  3.28 kB[22m[1m[22m
[2m.svelte-kit/output/server/[22m[36mchunks/evangelismService.js                                         [39m[1m[2m  3.63 kB[22m[1m[22m
[2m.svelte-kit/output/server/[22m[36mchunks/exports.js                                                   [39m[1m[2m  5.52 kB[22m[1m[22m
[2m.svelte-kit/output/server/[22m[36mentries/pages/reports/_page.svelte.js                               [39m[1m[2m  8.37 kB[22m[1m[22m
[2m.svelte-kit/output/server/[22m[36mchunks/filterStore.js                                               [39m[1m[2m  8.53 kB[22m[1m[22m
[2m.svelte-kit/output/server/[22m[36mchunks/DataTable.js                                                 [39m[1m[2m 11.17 kB[22m[1m[22m
[2m.svelte-kit/output/server/[22m[36mentries/pages/people/map/_page.svelte.js                            [39m[1m[2m 12.44 kB[22m[1m[22m
[2m.svelte-kit/output/server/[22m[36mchunks/Select.js                                                    [39m[1m[2m 12.45 kB[22m[1m[22m
[2m.svelte-kit/output/server/[22m[36mchunks/mockData.js                                                  [39m[1m[2m 13.79 kB[22m[1m[22m
[2m.svelte-kit/output/server/[22m[36mchunks/shared.js                                                    [39m[1m[2m 17.70 kB[22m[1m[22m
[2m.svelte-kit/output/server/[22m[36mremote-entry.js                                                     [39m[1m[2m 18.86 kB[22m[1m[22m
[2m.svelte-kit/output/server/[22m[36mentries/pages/_page.svelte.js                                       [39m[1m[2m 26.32 kB[22m[1m[22m
[2m.svelte-kit/output/server/[22m[36mchunks/internal.js                                                  [39m[1m[2m 28.16 kB[22m[1m[22m
[2m.svelte-kit/output/server/[22m[36mchunks/index2.js                                                    [39m[1m[2m 29.05 kB[22m[1m[22m
[2m.svelte-kit/output/server/[22m[36mentries/pages/visitation/_page.svelte.js                            [39m[1m[2m 31.14 kB[22m[1m[22m
[2m.svelte-kit/output/server/[22m[36mentries/pages/meetings/_page.svelte.js                              [39m[1m[2m 36.17 kB[22m[1m[22m
[2m.svelte-kit/output/server/[22m[36mchunks/KPICard.svelte_svelte_type_style_lang.js                     [39m[1m[2m 36.66 kB[22m[1m[22m
[2m.svelte-kit/output/server/[22m[36mentries/pages/people/_page.svelte.js                                [39m[1m[2m 39.67 kB[22m[1m[22m
[2m.svelte-kit/output/server/[22m[36mentries/pages/services/_page.svelte.js                              [39m[1m[2m 48.12 kB[22m[1m[22m
[2m.svelte-kit/output/server/[22m[36mchunks/context.js                                                   [39m[1m[2m 52.67 kB[22m[1m[22m
[2m.svelte-kit/output/server/[22m[36mentries/pages/evangelism/_page.svelte.js                            [39m[1m[2m 62.68 kB[22m[1m[22m
[2m.svelte-kit/output/server/[22m[36mindex.js                                                            [39m[1m[2m126.65 kB[22m[1m[22m
[32m✓ built in 19.36s[39m

Run npm run preview to preview your production build locally.

> Using @sveltejs/adapter-vercel
[31merror during build:
Error: EPERM: operation not permitted, symlink '![-]\catchall.func' -> 'C:\Users\Administrator\Downloads\church-tracker-folder\my-church-tracker\.vercel\output\functions\index.func'
    at Object.symlinkSync (node:fs:1855:11)
    at adapt (file:///C:/Users/Administrator/Downloads/church-tracker-folder/my-church-tracker/node_modules/@sveltejs/adapter-vercel/index.js:451:9)
    at async adapt (file:///C:/Users/Administrator/Downloads/church-tracker-folder/my-church-tracker/node_modules/@sveltejs/kit/src/core/adapt/index.js:41:2)
    at async finalise (file:///C:/Users/Administrator/Downloads/church-tracker-folder/my-church-tracker/node_modules/@sveltejs/kit/src/exports/vite/index.js:1326:7)
    at async Object.handler (file:///C:/Users/Administrator/Downloads/church-tracker-folder/my-church-tracker/node_modules/@sveltejs/kit/src/exports/vite/index.js:1357:5)
    at async PluginDriver.hookParallel (file:///C:/Users/Administrator/Downloads/church-tracker-folder/my-church-tracker/node_modules/rollup/dist/es/shared/node-entry.js:22355:17)
    at async Object.close (file:///C:/Users/Administrator/Downloads/church-tracker-folder/my-church-tracker/node_modules/rollup/dist/es/shared/node-entry.js:23374:13)
    at async buildEnvironment (file:///C:/Users/Administrator/Downloads/church-tracker-folder/my-church-tracker/node_modules/vite/dist/node/chunks/dep-D4NMHUTW.js:46258:17)
    at async Object.defaultBuildApp [as buildApp] (file:///C:/Users/Administrator/Downloads/church-tracker-folder/my-church-tracker/node_modules/vite/dist/node/chunks/dep-D4NMHUTW.js:46713:5)
    at async CAC.<anonymous> (file:///C:/Users/Administrator/Downloads/church-tracker-folder/my-church-tracker/node_modules/vite/dist/node/cli.js:863:7)[39m
